c:\users\ericd\source\repos\nodeexample\nodeexample\debug\vc142.pdb
c:\users\ericd\source\repos\nodeexample\nodeexample\debug\vc142.idb
c:\users\ericd\source\repos\nodeexample\nodeexample\debug\unsortedlisttype.obj
c:\users\ericd\source\repos\nodeexample\nodeexample\debug\unsortedtype.obj
c:\users\ericd\source\repos\nodeexample\nodeexample\debug\stack.obj
c:\users\ericd\source\repos\nodeexample\nodeexample\debug\queue.obj
c:\users\ericd\source\repos\nodeexample\nodeexample\debug\testdriver.obj
c:\users\ericd\source\repos\nodeexample\nodeexample\debug\rational.obj
c:\users\ericd\source\repos\nodeexample\nodeexample\debug\linkedlist.obj
c:\users\ericd\source\repos\nodeexample\nodeexample\debug\itemtype.obj
c:\users\ericd\source\repos\nodeexample\nodeexample\debug\hashtablequad.obj
c:\users\ericd\source\repos\nodeexample\nodeexample\debug\datetype.obj
c:\users\ericd\source\repos\nodeexample\nodeexample\debug\binarytree.obj
c:\users\ericd\source\repos\nodeexample\debug\nodeexample.exe
c:\users\ericd\source\repos\nodeexample\nodeexample\debug\nodeexample.ilk
c:\users\ericd\source\repos\nodeexample\debug\nodeexample.pdb
c:\users\ericd\source\repos\nodeexample\nodeexample\debug\rational.obj.enc
c:\users\ericd\source\repos\nodeexample\nodeexample\debug\testdriver.obj.enc
c:\users\ericd\source\repos\nodeexample\nodeexample\debug\nodeexample.tlog\cl.command.1.tlog
c:\users\ericd\source\repos\nodeexample\nodeexample\debug\nodeexample.tlog\cl.read.1.tlog
c:\users\ericd\source\repos\nodeexample\nodeexample\debug\nodeexample.tlog\cl.write.1.tlog
c:\users\ericd\source\repos\nodeexample\nodeexample\debug\nodeexample.tlog\link.command.1.tlog
c:\users\ericd\source\repos\nodeexample\nodeexample\debug\nodeexample.tlog\link.read.1.tlog
c:\users\ericd\source\repos\nodeexample\nodeexample\debug\nodeexample.tlog\link.write.1.tlog
